Analysis & Synthesis report for Peaje_electronico
Fri Mar 15 15:21:53 2024
Quartus II 64-Bit Version 13.1.0 Build 162 10/23/2013 SJ Web Edition


---------------------
; Table of Contents ;
---------------------
  1. Legal Notice
  2. Analysis & Synthesis Summary
  3. Analysis & Synthesis Settings
  4. Parallel Compilation
  5. Analysis & Synthesis Source Files Read
  6. Analysis & Synthesis Resource Usage Summary
  7. Analysis & Synthesis Resource Utilization by Entity
  8. State Machine - |Peaje_electronico|ControlVehicular:ControlVehicular_inst|ESTADO
  9. User-Specified and Inferred Latches
 10. Registers Removed During Synthesis
 11. Removed Registers Triggering Further Register Optimizations
 12. General Register Statistics
 13. Multiplexer Restructuring Statistics (Restructuring Performed)
 14. Parameter Settings for User Entity Instance: Divisor_Frecuencia:Divisor_Frecuencia_inst
 15. Port Connectivity Checks: "Divisor_Frecuencia:Divisor_Frecuencia_inst"
 16. Port Connectivity Checks: "Calcular_Tarifa:Calcular_Tarifa_inst"
 17. Port Connectivity Checks: "Display_sevensegmentos:Display_sevensegmentos_inst"
 18. Port Connectivity Checks: "ControlVehicular:ControlVehicular_inst"
 19. Port Connectivity Checks: "Semaforo_salida:Semaforo_salida_inst"
 20. Port Connectivity Checks: "SemaforoTalanquera:SemaforoTalanquera_inst"
 21. Port Connectivity Checks: "Id_vehiculo:Id_vehiculo_inst"
 22. Elapsed Time Per Partition
 23. Analysis & Synthesis Messages



----------------
; Legal Notice ;
----------------
Copyright (C) 1991-2013 Altera Corporation
Your use of Altera Corporation's design tools, logic functions 
and other software and tools, and its AMPP partner logic 
functions, and any output files from any of the foregoing 
(including device programming or simulation files), and any 
associated documentation or information are expressly subject 
to the terms and conditions of the Altera Program License 
Subscription Agreement, Altera MegaCore Function License 
Agreement, or other applicable license agreement, including, 
without limitation, that your use is for the sole purpose of 
programming logic devices manufactured by Altera and sold by 
Altera or its authorized distributors.  Please refer to the 
applicable agreement for further details.



+---------------------------------------------------------------------------------+
; Analysis & Synthesis Summary                                                    ;
+------------------------------------+--------------------------------------------+
; Analysis & Synthesis Status        ; Successful - Fri Mar 15 15:21:53 2024      ;
; Quartus II 64-Bit Version          ; 13.1.0 Build 162 10/23/2013 SJ Web Edition ;
; Revision Name                      ; Peaje_electronico                          ;
; Top-level Entity Name              ; Peaje_electronico                          ;
; Family                             ; Cyclone III                                ;
; Total logic elements               ; 7                                          ;
;     Total combinational functions  ; 7                                          ;
;     Dedicated logic registers      ; 6                                          ;
; Total registers                    ; 6                                          ;
; Total pins                         ; 53                                         ;
; Total virtual pins                 ; 0                                          ;
; Total memory bits                  ; 0                                          ;
; Embedded Multiplier 9-bit elements ; 0                                          ;
; Total PLLs                         ; 0                                          ;
+------------------------------------+--------------------------------------------+


+----------------------------------------------------------------------------------------------------------------------+
; Analysis & Synthesis Settings                                                                                        ;
+----------------------------------------------------------------------------+--------------------+--------------------+
; Option                                                                     ; Setting            ; Default Value      ;
+----------------------------------------------------------------------------+--------------------+--------------------+
; Device                                                                     ; EP3C16F484C6       ;                    ;
; Top-level entity name                                                      ; Peaje_electronico  ; Peaje_electronico  ;
; Family name                                                                ; Cyclone III        ; Cyclone IV GX      ;
; Use smart compilation                                                      ; Off                ; Off                ;
; Enable parallel Assembler and TimeQuest Timing Analyzer during compilation ; On                 ; On                 ;
; Enable compact report table                                                ; Off                ; Off                ;
; Restructure Multiplexers                                                   ; Auto               ; Auto               ;
; Create Debugging Nodes for IP Cores                                        ; Off                ; Off                ;
; Preserve fewer node names                                                  ; On                 ; On                 ;
; Disable OpenCore Plus hardware evaluation                                  ; Off                ; Off                ;
; Verilog Version                                                            ; Verilog_2001       ; Verilog_2001       ;
; VHDL Version                                                               ; VHDL_1993          ; VHDL_1993          ;
; State Machine Processing                                                   ; Auto               ; Auto               ;
; Safe State Machine                                                         ; Off                ; Off                ;
; Extract Verilog State Machines                                             ; On                 ; On                 ;
; Extract VHDL State Machines                                                ; On                 ; On                 ;
; Ignore Verilog initial constructs                                          ; Off                ; Off                ;
; Iteration limit for constant Verilog loops                                 ; 5000               ; 5000               ;
; Iteration limit for non-constant Verilog loops                             ; 250                ; 250                ;
; Add Pass-Through Logic to Inferred RAMs                                    ; On                 ; On                 ;
; Infer RAMs from Raw Logic                                                  ; On                 ; On                 ;
; Parallel Synthesis                                                         ; On                 ; On                 ;
; DSP Block Balancing                                                        ; Auto               ; Auto               ;
; NOT Gate Push-Back                                                         ; On                 ; On                 ;
; Power-Up Don't Care                                                        ; On                 ; On                 ;
; Remove Redundant Logic Cells                                               ; Off                ; Off                ;
; Remove Duplicate Registers                                                 ; On                 ; On                 ;
; Ignore CARRY Buffers                                                       ; Off                ; Off                ;
; Ignore CASCADE Buffers                                                     ; Off                ; Off                ;
; Ignore GLOBAL Buffers                                                      ; Off                ; Off                ;
; Ignore ROW GLOBAL Buffers                                                  ; Off                ; Off                ;
; Ignore LCELL Buffers                                                       ; Off                ; Off                ;
; Ignore SOFT Buffers                                                        ; On                 ; On                 ;
; Limit AHDL Integers to 32 Bits                                             ; Off                ; Off                ;
; Optimization Technique                                                     ; Balanced           ; Balanced           ;
; Carry Chain Length                                                         ; 70                 ; 70                 ;
; Auto Carry Chains                                                          ; On                 ; On                 ;
; Auto Open-Drain Pins                                                       ; On                 ; On                 ;
; Perform WYSIWYG Primitive Resynthesis                                      ; Off                ; Off                ;
; Auto ROM Replacement                                                       ; On                 ; On                 ;
; Auto RAM Replacement                                                       ; On                 ; On                 ;
; Auto DSP Block Replacement                                                 ; On                 ; On                 ;
; Auto Shift Register Replacement                                            ; Auto               ; Auto               ;
; Allow Shift Register Merging across Hierarchies                            ; Auto               ; Auto               ;
; Auto Clock Enable Replacement                                              ; On                 ; On                 ;
; Strict RAM Replacement                                                     ; Off                ; Off                ;
; Allow Synchronous Control Signals                                          ; On                 ; On                 ;
; Force Use of Synchronous Clear Signals                                     ; Off                ; Off                ;
; Auto RAM Block Balancing                                                   ; On                 ; On                 ;
; Auto RAM to Logic Cell Conversion                                          ; Off                ; Off                ;
; Auto Resource Sharing                                                      ; Off                ; Off                ;
; Allow Any RAM Size For Recognition                                         ; Off                ; Off                ;
; Allow Any ROM Size For Recognition                                         ; Off                ; Off                ;
; Allow Any Shift Register Size For Recognition                              ; Off                ; Off                ;
; Use LogicLock Constraints during Resource Balancing                        ; On                 ; On                 ;
; Ignore translate_off and synthesis_off directives                          ; Off                ; Off                ;
; Timing-Driven Synthesis                                                    ; On                 ; On                 ;
; Report Parameter Settings                                                  ; On                 ; On                 ;
; Report Source Assignments                                                  ; On                 ; On                 ;
; Report Connectivity Checks                                                 ; On                 ; On                 ;
; Ignore Maximum Fan-Out Assignments                                         ; Off                ; Off                ;
; Synchronization Register Chain Length                                      ; 2                  ; 2                  ;
; PowerPlay Power Optimization                                               ; Normal compilation ; Normal compilation ;
; HDL message level                                                          ; Level2             ; Level2             ;
; Suppress Register Optimization Related Messages                            ; Off                ; Off                ;
; Number of Removed Registers Reported in Synthesis Report                   ; 5000               ; 5000               ;
; Number of Swept Nodes Reported in Synthesis Report                         ; 5000               ; 5000               ;
; Number of Inverted Registers Reported in Synthesis Report                  ; 100                ; 100                ;
; Clock MUX Protection                                                       ; On                 ; On                 ;
; Auto Gated Clock Conversion                                                ; Off                ; Off                ;
; Block Design Naming                                                        ; Auto               ; Auto               ;
; SDC constraint protection                                                  ; Off                ; Off                ;
; Synthesis Effort                                                           ; Auto               ; Auto               ;
; Shift Register Replacement - Allow Asynchronous Clear Signal               ; On                 ; On                 ;
; Pre-Mapping Resynthesis Optimization                                       ; Off                ; Off                ;
; Analysis & Synthesis Message Level                                         ; Medium             ; Medium             ;
; Disable Register Merging Across Hierarchies                                ; Auto               ; Auto               ;
; Resource Aware Inference For Block RAM                                     ; On                 ; On                 ;
; Synthesis Seed                                                             ; 1                  ; 1                  ;
+----------------------------------------------------------------------------+--------------------+--------------------+


+------------------------------------------+
; Parallel Compilation                     ;
+----------------------------+-------------+
; Processors                 ; Number      ;
+----------------------------+-------------+
; Number detected on machine ; 8           ;
; Maximum allowed            ; 4           ;
;                            ;             ;
; Average used               ; 1.00        ;
; Maximum used               ; 1           ;
;                            ;             ;
; Usage by Processor         ; % Time Used ;
;     Processor 1            ; 100.0%      ;
;     Processors 2-8         ;   0.0%      ;
+----------------------------+-------------+


+-------------------------------------------------------------------------------------------------------------------------------------------------------------------------------------------------------+
; Analysis & Synthesis Source Files Read                                                                                                                                                                ;
+------------------------------------------------------+-----------------+-----------------+--------------------------------------------------------------------------------------------------+---------+
; File Name with User-Entered Path                     ; Used in Netlist ; File Type       ; File Name with Absolute Path                                                                     ; Library ;
+------------------------------------------------------+-----------------+-----------------+--------------------------------------------------------------------------------------------------+---------+
; Peaje_electronico.vhd                                ; yes             ; User VHDL File  ; C:/Users/DELL/Documents/VHDL/1erParcial-GRUPAL/Peaje_electronico/Peaje_electronico.vhd           ;         ;
; ../Semaforo_salida/Semaforo_salida.vhd               ; yes             ; User VHDL File  ; C:/Users/DELL/Documents/VHDL/1erParcial-GRUPAL/Semaforo_salida/Semaforo_salida.vhd               ;         ;
; ../semaforo/SemaforoTalanquera.vhd                   ; yes             ; User VHDL File  ; C:/Users/DELL/Documents/VHDL/1erParcial-GRUPAL/semaforo/SemaforoTalanquera.vhd                   ;         ;
; ../Idvehicular/Id_vehiculo.vhd                       ; yes             ; User VHDL File  ; C:/Users/DELL/Documents/VHDL/1erParcial-GRUPAL/Idvehicular/Id_vehiculo.vhd                       ;         ;
; ../front_sensor/Front_sensor.vhd                     ; yes             ; User VHDL File  ; C:/Users/DELL/Documents/VHDL/1erParcial-GRUPAL/front_sensor/Front_sensor.vhd                     ;         ;
; ../Div_Frecuencia/Divisor_Frecuencia.vhd             ; yes             ; User VHDL File  ; C:/Users/DELL/Documents/VHDL/1erParcial-GRUPAL/Div_Frecuencia/Divisor_Frecuencia.vhd             ;         ;
; ../Display_sietesegmentos/Display_sevensegmentos.vhd ; yes             ; User VHDL File  ; C:/Users/DELL/Documents/VHDL/1erParcial-GRUPAL/Display_sietesegmentos/Display_sevensegmentos.vhd ;         ;
; ../ControlVehicular/ControlVehicular.vhd             ; yes             ; User VHDL File  ; C:/Users/DELL/Documents/VHDL/1erParcial-GRUPAL/ControlVehicular/ControlVehicular.vhd             ;         ;
; ../Calcular_Tarifa/Calcular_Tarifa.vhd               ; yes             ; User VHDL File  ; C:/Users/DELL/Documents/VHDL/1erParcial-GRUPAL/Calcular_Tarifa/Calcular_Tarifa.vhd               ;         ;
+------------------------------------------------------+-----------------+-----------------+--------------------------------------------------------------------------------------------------+---------+


+---------------------------------------------------------+
; Analysis & Synthesis Resource Usage Summary             ;
+---------------------------------------------+-----------+
; Resource                                    ; Usage     ;
+---------------------------------------------+-----------+
; Estimated Total logic elements              ; 7         ;
;                                             ;           ;
; Total combinational functions               ; 7         ;
; Logic element usage by number of LUT inputs ;           ;
;     -- 4 input functions                    ; 0         ;
;     -- 3 input functions                    ; 5         ;
;     -- <=2 input functions                  ; 2         ;
;                                             ;           ;
; Logic elements by mode                      ;           ;
;     -- normal mode                          ; 7         ;
;     -- arithmetic mode                      ; 0         ;
;                                             ;           ;
; Total registers                             ; 6         ;
;     -- Dedicated logic registers            ; 6         ;
;     -- I/O registers                        ; 0         ;
;                                             ;           ;
; I/O pins                                    ; 53        ;
; Embedded Multiplier 9-bit elements          ; 0         ;
; Maximum fan-out node                        ; CLK~input ;
; Maximum fan-out                             ; 7         ;
; Total fan-out                               ; 88        ;
; Average fan-out                             ; 0.74      ;
+---------------------------------------------+-----------+


+--------------------------------------------------------------------------------------------------------------------------------------------------------------------------------------------------------------------------------+
; Analysis & Synthesis Resource Utilization by Entity                                                                                                                                                                            ;
+-------------------------------------------+-------------------+--------------+-------------+--------------+---------+-----------+------+--------------+---------------------------------------------------------+--------------+
; Compilation Hierarchy Node                ; LC Combinationals ; LC Registers ; Memory Bits ; DSP Elements ; DSP 9x9 ; DSP 18x18 ; Pins ; Virtual Pins ; Full Hierarchy Name                                     ; Library Name ;
+-------------------------------------------+-------------------+--------------+-------------+--------------+---------+-----------+------+--------------+---------------------------------------------------------+--------------+
; |Peaje_electronico                        ; 7 (0)             ; 6 (0)        ; 0           ; 0            ; 0       ; 0         ; 53   ; 0            ; |Peaje_electronico                                      ; work         ;
;    |Front_sensor:Front_sensor_inst|       ; 4 (4)             ; 4 (4)        ; 0           ; 0            ; 0       ; 0         ; 0    ; 0            ; |Peaje_electronico|Front_sensor:Front_sensor_inst       ; work         ;
;    |Id_vehiculo:Id_vehiculo_inst|         ; 2 (2)             ; 2 (2)        ; 0           ; 0            ; 0       ; 0         ; 0    ; 0            ; |Peaje_electronico|Id_vehiculo:Id_vehiculo_inst         ; work         ;
;    |Semaforo_salida:Semaforo_salida_inst| ; 1 (1)             ; 0 (0)        ; 0           ; 0            ; 0       ; 0         ; 0    ; 0            ; |Peaje_electronico|Semaforo_salida:Semaforo_salida_inst ; work         ;
+-------------------------------------------+-------------------+--------------+-------------+--------------+---------+-----------+------+--------------+---------------------------------------------------------+--------------+
Note: For table entries with two numbers listed, the numbers in parentheses indicate the number of resources of the given type used by the specific entity alone. The numbers listed outside of parentheses indicate the total resources of the given type used by the specific entity and all of its sub-entities in the hierarchy.


Encoding Type:  One-Hot
+----------------------------------------------------------------------------------------+
; State Machine - |Peaje_electronico|ControlVehicular:ControlVehicular_inst|ESTADO       ;
+------------------------+------------------------+------------------------+-------------+
; Name                   ; ESTADO.BARRIER_CLOSING ; ESTADO.VEHICLE_PASSING ; ESTADO.IDLE ;
+------------------------+------------------------+------------------------+-------------+
; ESTADO.IDLE            ; 0                      ; 0                      ; 0           ;
; ESTADO.VEHICLE_PASSING ; 0                      ; 1                      ; 1           ;
; ESTADO.BARRIER_CLOSING ; 1                      ; 0                      ; 1           ;
+------------------------+------------------------+------------------------+-------------+


+---------------------------------------------------------------------------------------------------+
; User-Specified and Inferred Latches                                                               ;
+----------------------------------------------------+---------------------+------------------------+
; Latch Name                                         ; Latch Enable Signal ; Free of Timing Hazards ;
+----------------------------------------------------+---------------------+------------------------+
; Semaforo_salida:Semaforo_salida_inst|Estado        ; CLK                 ; yes                    ;
; Number of user-specified and inferred latches = 1  ;                     ;                        ;
+----------------------------------------------------+---------------------+------------------------+
Note: All latches listed above may not be present at the end of synthesis due to various synthesis optimizations.


+-----------------------------------------------------------------------------------------------------------------------+
; Registers Removed During Synthesis                                                                                    ;
+-------------------------------------------------------------------------+---------------------------------------------+
; Register name                                                           ; Reason for Removal                          ;
+-------------------------------------------------------------------------+---------------------------------------------+
; ControlVehicular:ControlVehicular_inst|ESTADO.VEHICLE_PASSING           ; Stuck at GND due to stuck port data_in      ;
; ControlVehicular:ControlVehicular_inst|TIEMPO_PASOVEHICULO[0..15]       ; Stuck at GND due to stuck port clock_enable ;
; ControlVehicular:ControlVehicular_inst|ESTADO.BARRIER_CLOSING           ; Stuck at GND due to stuck port data_in      ;
; ControlVehicular:ControlVehicular_inst|TALANQUERA_CERRADA_TIEMPO[0..15] ; Stuck at GND due to stuck port clock_enable ;
; ControlVehicular:ControlVehicular_inst|TIEMPOTALANQUERA_CERRADA[0..15]  ; Stuck at GND due to stuck port clock_enable ;
; ControlVehicular:ControlVehicular_inst|ESTADO.IDLE                      ; Stuck at GND due to stuck port data_in      ;
; Front_sensor:Front_sensor_inst|CONTADOR_TIEMPO[3]                       ; Stuck at GND due to stuck port data_in      ;
; Total Number of Removed Registers = 52                                  ;                                             ;
+-------------------------------------------------------------------------+---------------------------------------------+


+-------------------------------------------------------------------------------------------------------------------------------------------------------------------+
; Removed Registers Triggering Further Register Optimizations                                                                                                       ;
+---------------------------------------------------------------+---------------------------+-----------------------------------------------------------------------+
; Register name                                                 ; Reason for Removal        ; Registers Removed due to This Register                                ;
+---------------------------------------------------------------+---------------------------+-----------------------------------------------------------------------+
; ControlVehicular:ControlVehicular_inst|ESTADO.VEHICLE_PASSING ; Stuck at GND              ; ControlVehicular:ControlVehicular_inst|TIEMPO_PASOVEHICULO[13],       ;
;                                                               ; due to stuck port data_in ; ControlVehicular:ControlVehicular_inst|TIEMPO_PASOVEHICULO[12],       ;
;                                                               ;                           ; ControlVehicular:ControlVehicular_inst|TIEMPO_PASOVEHICULO[11],       ;
;                                                               ;                           ; ControlVehicular:ControlVehicular_inst|TIEMPO_PASOVEHICULO[10],       ;
;                                                               ;                           ; ControlVehicular:ControlVehicular_inst|TIEMPO_PASOVEHICULO[9],        ;
;                                                               ;                           ; ControlVehicular:ControlVehicular_inst|TIEMPO_PASOVEHICULO[8],        ;
;                                                               ;                           ; ControlVehicular:ControlVehicular_inst|TIEMPO_PASOVEHICULO[7],        ;
;                                                               ;                           ; ControlVehicular:ControlVehicular_inst|TIEMPO_PASOVEHICULO[6],        ;
;                                                               ;                           ; ControlVehicular:ControlVehicular_inst|TIEMPO_PASOVEHICULO[5],        ;
;                                                               ;                           ; ControlVehicular:ControlVehicular_inst|TIEMPO_PASOVEHICULO[4],        ;
;                                                               ;                           ; ControlVehicular:ControlVehicular_inst|TIEMPO_PASOVEHICULO[3],        ;
;                                                               ;                           ; ControlVehicular:ControlVehicular_inst|TIEMPO_PASOVEHICULO[2],        ;
;                                                               ;                           ; ControlVehicular:ControlVehicular_inst|TIEMPO_PASOVEHICULO[1],        ;
;                                                               ;                           ; ControlVehicular:ControlVehicular_inst|TIEMPO_PASOVEHICULO[0],        ;
;                                                               ;                           ; ControlVehicular:ControlVehicular_inst|TIEMPOTALANQUERA_CERRADA[0],   ;
;                                                               ;                           ; ControlVehicular:ControlVehicular_inst|TIEMPOTALANQUERA_CERRADA[1],   ;
;                                                               ;                           ; ControlVehicular:ControlVehicular_inst|TIEMPOTALANQUERA_CERRADA[2],   ;
;                                                               ;                           ; ControlVehicular:ControlVehicular_inst|TIEMPOTALANQUERA_CERRADA[3],   ;
;                                                               ;                           ; ControlVehicular:ControlVehicular_inst|TIEMPOTALANQUERA_CERRADA[4],   ;
;                                                               ;                           ; ControlVehicular:ControlVehicular_inst|TIEMPOTALANQUERA_CERRADA[5],   ;
;                                                               ;                           ; ControlVehicular:ControlVehicular_inst|TIEMPOTALANQUERA_CERRADA[6],   ;
;                                                               ;                           ; ControlVehicular:ControlVehicular_inst|TIEMPOTALANQUERA_CERRADA[7],   ;
;                                                               ;                           ; ControlVehicular:ControlVehicular_inst|TIEMPOTALANQUERA_CERRADA[8],   ;
;                                                               ;                           ; ControlVehicular:ControlVehicular_inst|TIEMPOTALANQUERA_CERRADA[9],   ;
;                                                               ;                           ; ControlVehicular:ControlVehicular_inst|TIEMPOTALANQUERA_CERRADA[10],  ;
;                                                               ;                           ; ControlVehicular:ControlVehicular_inst|TIEMPOTALANQUERA_CERRADA[11],  ;
;                                                               ;                           ; ControlVehicular:ControlVehicular_inst|TIEMPOTALANQUERA_CERRADA[12],  ;
;                                                               ;                           ; ControlVehicular:ControlVehicular_inst|TIEMPOTALANQUERA_CERRADA[13],  ;
;                                                               ;                           ; ControlVehicular:ControlVehicular_inst|TIEMPOTALANQUERA_CERRADA[14],  ;
;                                                               ;                           ; ControlVehicular:ControlVehicular_inst|TIEMPOTALANQUERA_CERRADA[15]   ;
; ControlVehicular:ControlVehicular_inst|ESTADO.BARRIER_CLOSING ; Stuck at GND              ; ControlVehicular:ControlVehicular_inst|TALANQUERA_CERRADA_TIEMPO[0],  ;
;                                                               ; due to stuck port data_in ; ControlVehicular:ControlVehicular_inst|TALANQUERA_CERRADA_TIEMPO[1],  ;
;                                                               ;                           ; ControlVehicular:ControlVehicular_inst|TALANQUERA_CERRADA_TIEMPO[2],  ;
;                                                               ;                           ; ControlVehicular:ControlVehicular_inst|TALANQUERA_CERRADA_TIEMPO[3],  ;
;                                                               ;                           ; ControlVehicular:ControlVehicular_inst|TALANQUERA_CERRADA_TIEMPO[4],  ;
;                                                               ;                           ; ControlVehicular:ControlVehicular_inst|TALANQUERA_CERRADA_TIEMPO[5],  ;
;                                                               ;                           ; ControlVehicular:ControlVehicular_inst|TALANQUERA_CERRADA_TIEMPO[6],  ;
;                                                               ;                           ; ControlVehicular:ControlVehicular_inst|TALANQUERA_CERRADA_TIEMPO[7],  ;
;                                                               ;                           ; ControlVehicular:ControlVehicular_inst|TALANQUERA_CERRADA_TIEMPO[8],  ;
;                                                               ;                           ; ControlVehicular:ControlVehicular_inst|TALANQUERA_CERRADA_TIEMPO[9],  ;
;                                                               ;                           ; ControlVehicular:ControlVehicular_inst|TALANQUERA_CERRADA_TIEMPO[10], ;
;                                                               ;                           ; ControlVehicular:ControlVehicular_inst|TALANQUERA_CERRADA_TIEMPO[11], ;
;                                                               ;                           ; ControlVehicular:ControlVehicular_inst|TALANQUERA_CERRADA_TIEMPO[12], ;
;                                                               ;                           ; ControlVehicular:ControlVehicular_inst|TALANQUERA_CERRADA_TIEMPO[13], ;
;                                                               ;                           ; ControlVehicular:ControlVehicular_inst|TALANQUERA_CERRADA_TIEMPO[14], ;
;                                                               ;                           ; ControlVehicular:ControlVehicular_inst|TALANQUERA_CERRADA_TIEMPO[15], ;
;                                                               ;                           ; ControlVehicular:ControlVehicular_inst|ESTADO.IDLE                    ;
+---------------------------------------------------------------+---------------------------+-----------------------------------------------------------------------+


+------------------------------------------------------+
; General Register Statistics                          ;
+----------------------------------------------+-------+
; Statistic                                    ; Value ;
+----------------------------------------------+-------+
; Total registers                              ; 6     ;
; Number of registers using Synchronous Clear  ; 0     ;
; Number of registers using Synchronous Load   ; 0     ;
; Number of registers using Asynchronous Clear ; 2     ;
; Number of registers using Asynchronous Load  ; 0     ;
; Number of registers using Clock Enable       ; 0     ;
; Number of registers using Preset             ; 0     ;
+----------------------------------------------+-------+


+-----------------------------------------------------------------------------------------------------------------------------------------------------------------------------------------------------+
; Multiplexer Restructuring Statistics (Restructuring Performed)                                                                                                                                      ;
+--------------------+-----------+---------------+----------------------+------------------------+------------+---------------------------------------------------------------------------------------+
; Multiplexer Inputs ; Bus Width ; Baseline Area ; Area if Restructured ; Saving if Restructured ; Registered ; Example Multiplexer Output                                                            ;
+--------------------+-----------+---------------+----------------------+------------------------+------------+---------------------------------------------------------------------------------------+
; 3:1                ; 16 bits   ; 32 LEs        ; 0 LEs                ; 32 LEs                 ; Yes        ; |Peaje_electronico|ControlVehicular:ControlVehicular_inst|TIEMPO_PASOVEHICULO[1]      ;
; 5:1                ; 16 bits   ; 48 LEs        ; 16 LEs               ; 32 LEs                 ; Yes        ; |Peaje_electronico|ControlVehicular:ControlVehicular_inst|TIEMPOTALANQUERA_CERRADA[0] ;
; 5:1                ; 3 bits    ; 9 LEs         ; 6 LEs                ; 3 LEs                  ; No         ; |Peaje_electronico|ControlVehicular:ControlVehicular_inst|Selector1                   ;
+--------------------+-----------+---------------+----------------------+------------------------+------------+---------------------------------------------------------------------------------------+


+-----------------------------------------------------------------------------------------+
; Parameter Settings for User Entity Instance: Divisor_Frecuencia:Divisor_Frecuencia_inst ;
+----------------+-------+----------------------------------------------------------------+
; Parameter Name ; Value ; Type                                                           ;
+----------------+-------+----------------------------------------------------------------+
; divider_value  ; 10000 ; Signed Integer                                                 ;
+----------------+-------+----------------------------------------------------------------+
Note: In order to hide this table in the UI and the text report file, please set the "Show Parameter Settings in Synthesis Report" option in "Analysis and Synthesis Settings -> More Settings" to "Off".


+-------------------------------------------------------------------------------------------------------------------+
; Port Connectivity Checks: "Divisor_Frecuencia:Divisor_Frecuencia_inst"                                            ;
+---------+--------+----------+-------------------------------------------------------------------------------------+
; Port    ; Type   ; Severity ; Details                                                                             ;
+---------+--------+----------+-------------------------------------------------------------------------------------+
; clk_out ; Output ; Info     ; Connected to dangling logic. Logic that only feeds a dangling port will be removed. ;
+---------+--------+----------+-------------------------------------------------------------------------------------+


+------------------------------------------------------------------------------------------------------------------+
; Port Connectivity Checks: "Calcular_Tarifa:Calcular_Tarifa_inst"                                                 ;
+--------+--------+----------+-------------------------------------------------------------------------------------+
; Port   ; Type   ; Severity ; Details                                                                             ;
+--------+--------+----------+-------------------------------------------------------------------------------------+
; tarifa ; Output ; Info     ; Connected to dangling logic. Logic that only feeds a dangling port will be removed. ;
+--------+--------+----------+-------------------------------------------------------------------------------------+


+----------------------------------------------------------------------------------------------------------------+
; Port Connectivity Checks: "Display_sevensegmentos:Display_sevensegmentos_inst"                                 ;
+------+--------+----------+-------------------------------------------------------------------------------------+
; Port ; Type   ; Severity ; Details                                                                             ;
+------+--------+----------+-------------------------------------------------------------------------------------+
; seg  ; Output ; Info     ; Connected to dangling logic. Logic that only feeds a dangling port will be removed. ;
+------+--------+----------+-------------------------------------------------------------------------------------+


+------------------------------------------------------------------------------------------------------------------------------------+
; Port Connectivity Checks: "ControlVehicular:ControlVehicular_inst"                                                                 ;
+--------------------------+--------+----------+-------------------------------------------------------------------------------------+
; Port                     ; Type   ; Severity ; Details                                                                             ;
+--------------------------+--------+----------+-------------------------------------------------------------------------------------+
; salida_semaforo_verde    ; Input  ; Info     ; Stuck at GND                                                                        ;
; contador_vehicular[7..4] ; Output ; Info     ; Connected to dangling logic. Logic that only feeds a dangling port will be removed. ;
+--------------------------+--------+----------+-------------------------------------------------------------------------------------+


+------------------------------------------------------------------------------------------------------------------------+
; Port Connectivity Checks: "Semaforo_salida:Semaforo_salida_inst"                                                       ;
+--------------+--------+----------+-------------------------------------------------------------------------------------+
; Port         ; Type   ; Severity ; Details                                                                             ;
+--------------+--------+----------+-------------------------------------------------------------------------------------+
; semafororojo ; Output ; Info     ; Connected to dangling logic. Logic that only feeds a dangling port will be removed. ;
+--------------+--------+----------+-------------------------------------------------------------------------------------+


+-------------------------------------------------------------------------------------------------------------------------+
; Port Connectivity Checks: "SemaforoTalanquera:SemaforoTalanquera_inst"                                                  ;
+---------------+--------+----------+-------------------------------------------------------------------------------------+
; Port          ; Type   ; Severity ; Details                                                                             ;
+---------------+--------+----------+-------------------------------------------------------------------------------------+
; semafororojo  ; Output ; Info     ; Connected to dangling logic. Logic that only feeds a dangling port will be removed. ;
; semaforoverde ; Output ; Info     ; Connected to dangling logic. Logic that only feeds a dangling port will be removed. ;
; talanquera    ; Output ; Info     ; Connected to dangling logic. Logic that only feeds a dangling port will be removed. ;
+---------------+--------+----------+-------------------------------------------------------------------------------------+


+----------------------------------------------------------+
; Port Connectivity Checks: "Id_vehiculo:Id_vehiculo_inst" ;
+------+-------+----------+--------------------------------+
; Port ; Type  ; Severity ; Details                        ;
+------+-------+----------+--------------------------------+
; id   ; Input ; Info     ; Stuck at GND                   ;
+------+-------+----------+--------------------------------+


+-------------------------------+
; Elapsed Time Per Partition    ;
+----------------+--------------+
; Partition Name ; Elapsed Time ;
+----------------+--------------+
; Top            ; 00:00:00     ;
+----------------+--------------+


+-------------------------------+
; Analysis & Synthesis Messages ;
+-------------------------------+
Info: *******************************************************************
Info: Running Quartus II 64-Bit Analysis & Synthesis
    Info: Version 13.1.0 Build 162 10/23/2013 SJ Web Edition
    Info: Processing started: Fri Mar 15 15:21:52 2024
Info: Command: quartus_map --read_settings_files=on --write_settings_files=off Peaje_electronico -c Peaje_electronico
Info (11104): Parallel Compilation has detected 8 hyper-threaded processors. However, the extra hyper-threaded processors will not be used by default. Parallel Compilation will use 4 of the 4 physical processors detected instead.
Info (12021): Found 2 design units, including 1 entities, in source file peaje_electronico.vhd
    Info (12022): Found design unit 1: Peaje_electronico-Peaje_electronico_arch
    Info (12023): Found entity 1: Peaje_electronico
Info (12021): Found 2 design units, including 1 entities, in source file /users/dell/documents/vhdl/1erparcial-grupal/track_sensor/track_sensor.vhd
    Info (12022): Found design unit 1: track_sensor-track_sensor_arch
    Info (12023): Found entity 1: track_sensor
Info (12021): Found 2 design units, including 1 entities, in source file /users/dell/documents/vhdl/1erparcial-grupal/semaforo_salida/semaforo_salida.vhd
    Info (12022): Found design unit 1: Semaforo_salida-Semaforo_salida_arch
    Info (12023): Found entity 1: Semaforo_salida
Info (12021): Found 2 design units, including 1 entities, in source file /users/dell/documents/vhdl/1erparcial-grupal/semaforo/semaforotalanquera.vhd
    Info (12022): Found design unit 1: SemaforoTalanquera-SemaforoTalanquera_arch
    Info (12023): Found entity 1: SemaforoTalanquera
Info (12021): Found 2 design units, including 1 entities, in source file /users/dell/documents/vhdl/1erparcial-grupal/idvehicular/id_vehiculo.vhd
    Info (12022): Found design unit 1: Id_vehiculo-Id_vehiculo_arch
    Info (12023): Found entity 1: Id_vehiculo
Info (12021): Found 2 design units, including 1 entities, in source file /users/dell/documents/vhdl/1erparcial-grupal/front_sensor/front_sensor.vhd
    Info (12022): Found design unit 1: Front_sensor-Front_sensor_Arch
    Info (12023): Found entity 1: Front_sensor
Info (12021): Found 2 design units, including 1 entities, in source file /users/dell/documents/vhdl/1erparcial-grupal/div_frecuencia/divisor_frecuencia.vhd
    Info (12022): Found design unit 1: Divisor_Frecuencia-arch_Divisor_Frecuencia
    Info (12023): Found entity 1: Divisor_Frecuencia
Info (12021): Found 2 design units, including 1 entities, in source file /users/dell/documents/vhdl/1erparcial-grupal/display_sietesegmentos/display_sevensegmentos.vhd
    Info (12022): Found design unit 1: Display_sevensegmentos-Display_sevensegmentos_arch
    Info (12023): Found entity 1: Display_sevensegmentos
Info (12021): Found 2 design units, including 1 entities, in source file /users/dell/documents/vhdl/1erparcial-grupal/controlvehicular/controlvehicular.vhd
    Info (12022): Found design unit 1: ControlVehicular-ControlVehicular_arch
    Info (12023): Found entity 1: ControlVehicular
Info (12021): Found 2 design units, including 1 entities, in source file /users/dell/documents/vhdl/1erparcial-grupal/calcular_tarifa/calcular_tarifa.vhd
    Info (12022): Found design unit 1: Calcular_Tarifa-Calcular_Tarifa_arch
    Info (12023): Found entity 1: Calcular_Tarifa
Info (12127): Elaborating entity "Peaje_electronico" for the top level hierarchy
Warning (10541): VHDL Signal Declaration warning at Peaje_electronico.vhd(15): used implicit default value for signal "CONTADOR_VEHICULAR" because signal was never assigned a value or an explicit default value. Use of implicit default value may introduce unintended design optimizations.
Warning (10541): VHDL Signal Declaration warning at Peaje_electronico.vhd(16): used implicit default value for signal "TIEMPODEPASOVEHICULAR" because signal was never assigned a value or an explicit default value. Use of implicit default value may introduce unintended design optimizations.
Warning (10541): VHDL Signal Declaration warning at Peaje_electronico.vhd(18): used implicit default value for signal "SemaforoRojo" because signal was never assigned a value or an explicit default value. Use of implicit default value may introduce unintended design optimizations.
Warning (10541): VHDL Signal Declaration warning at Peaje_electronico.vhd(20): used implicit default value for signal "talanquera" because signal was never assigned a value or an explicit default value. Use of implicit default value may introduce unintended design optimizations.
Warning (10036): Verilog HDL or VHDL warning at Peaje_electronico.vhd(30): object "manualBarrier" assigned a value but never read
Warning (10036): Verilog HDL or VHDL warning at Peaje_electronico.vhd(31): object "semaphoreGreen" assigned a value but never read
Warning (10036): Verilog HDL or VHDL warning at Peaje_electronico.vhd(34): object "SemaforoRojo_int_Talanquera" assigned a value but never read
Warning (10036): Verilog HDL or VHDL warning at Peaje_electronico.vhd(35): object "SemaforoRojo_int_Salida" assigned a value but never read
Warning (10036): Verilog HDL or VHDL warning at Peaje_electronico.vhd(41): object "seg_display" assigned a value but never read
Warning (10036): Verilog HDL or VHDL warning at Peaje_electronico.vhd(45): object "tarifa_calculada" assigned a value but never read
Warning (10036): Verilog HDL or VHDL warning at Peaje_electronico.vhd(47): object "clk_out_divisor" assigned a value but never read
Warning (10030): Net "SALIDA_SEMAFORO_VERDE" at Peaje_electronico.vhd(13) has no driver or initial value, using a default initial value '0'
Info (12128): Elaborating entity "Front_sensor" for hierarchy "Front_sensor:Front_sensor_inst"
Info (12128): Elaborating entity "Id_vehiculo" for hierarchy "Id_vehiculo:Id_vehiculo_inst"
Warning (10631): VHDL Process Statement warning at Id_vehiculo.vhd(32): inferring latch(es) for signal or variable "LED_DENEGADO_ROJO", which holds its previous value in one or more paths through the process
Info (10041): Inferred latch for "LED_DENEGADO_ROJO" at Id_vehiculo.vhd(32)
Info (12128): Elaborating entity "SemaforoTalanquera" for hierarchy "SemaforoTalanquera:SemaforoTalanquera_inst"
Warning (10492): VHDL Process Statement warning at SemaforoTalanquera.vhd(29): signal "Estado" is read inside the Process Statement but isn't in the Process Statement's sensitivity list
Warning (10631): VHDL Process Statement warning at SemaforoTalanquera.vhd(26): inferring latch(es) for signal or variable "SemaforoRojo", which holds its previous value in one or more paths through the process
Warning (10631): VHDL Process Statement warning at SemaforoTalanquera.vhd(26): inferring latch(es) for signal or variable "Semaforoverde", which holds its previous value in one or more paths through the process
Warning (10631): VHDL Process Statement warning at SemaforoTalanquera.vhd(26): inferring latch(es) for signal or variable "talanquera", which holds its previous value in one or more paths through the process
Warning (10631): VHDL Process Statement warning at SemaforoTalanquera.vhd(26): inferring latch(es) for signal or variable "Estado", which holds its previous value in one or more paths through the process
Info (10041): Inferred latch for "Estado" at SemaforoTalanquera.vhd(26)
Info (10041): Inferred latch for "talanquera" at SemaforoTalanquera.vhd(26)
Info (10041): Inferred latch for "Semaforoverde" at SemaforoTalanquera.vhd(26)
Info (10041): Inferred latch for "SemaforoRojo" at SemaforoTalanquera.vhd(26)
Info (12128): Elaborating entity "Semaforo_salida" for hierarchy "Semaforo_salida:Semaforo_salida_inst"
Warning (10631): VHDL Process Statement warning at Semaforo_salida.vhd(25): inferring latch(es) for signal or variable "Estado", which holds its previous value in one or more paths through the process
Info (10041): Inferred latch for "Estado" at Semaforo_salida.vhd(25)
Info (12128): Elaborating entity "ControlVehicular" for hierarchy "ControlVehicular:ControlVehicular_inst"
Info (12128): Elaborating entity "Display_sevensegmentos" for hierarchy "Display_sevensegmentos:Display_sevensegmentos_inst"
Info (12128): Elaborating entity "Calcular_Tarifa" for hierarchy "Calcular_Tarifa:Calcular_Tarifa_inst"
Info (12128): Elaborating entity "Divisor_Frecuencia" for hierarchy "Divisor_Frecuencia:Divisor_Frecuencia_inst"
Warning (10492): VHDL Process Statement warning at Divisor_Frecuencia.vhd(23): signal "clk_prev" is read inside the Process Statement but isn't in the Process Statement's sensitivity list
Warning (10492): VHDL Process Statement warning at Divisor_Frecuencia.vhd(24): signal "counter" is read inside the Process Statement but isn't in the Process Statement's sensitivity list
Warning (10492): VHDL Process Statement warning at Divisor_Frecuencia.vhd(25): signal "counter" is read inside the Process Statement but isn't in the Process Statement's sensitivity list
Warning (10492): VHDL Process Statement warning at Divisor_Frecuencia.vhd(26): signal "CLK_OUT" is read inside the Process Statement but isn't in the Process Statement's sensitivity list
Warning (10631): VHDL Process Statement warning at Divisor_Frecuencia.vhd(18): inferring latch(es) for signal or variable "counter", which holds its previous value in one or more paths through the process
Warning (10631): VHDL Process Statement warning at Divisor_Frecuencia.vhd(18): inferring latch(es) for signal or variable "CLK_OUT", which holds its previous value in one or more paths through the process
Info (10041): Inferred latch for "CLK_OUT" at Divisor_Frecuencia.vhd(18)
Info (10041): Inferred latch for "counter[0]" at Divisor_Frecuencia.vhd(18)
Info (10041): Inferred latch for "counter[1]" at Divisor_Frecuencia.vhd(18)
Info (10041): Inferred latch for "counter[2]" at Divisor_Frecuencia.vhd(18)
Info (10041): Inferred latch for "counter[3]" at Divisor_Frecuencia.vhd(18)
Info (10041): Inferred latch for "counter[4]" at Divisor_Frecuencia.vhd(18)
Info (10041): Inferred latch for "counter[5]" at Divisor_Frecuencia.vhd(18)
Info (10041): Inferred latch for "counter[6]" at Divisor_Frecuencia.vhd(18)
Info (10041): Inferred latch for "counter[7]" at Divisor_Frecuencia.vhd(18)
Info (10041): Inferred latch for "counter[8]" at Divisor_Frecuencia.vhd(18)
Info (10041): Inferred latch for "counter[9]" at Divisor_Frecuencia.vhd(18)
Info (10041): Inferred latch for "counter[10]" at Divisor_Frecuencia.vhd(18)
Info (10041): Inferred latch for "counter[11]" at Divisor_Frecuencia.vhd(18)
Info (10041): Inferred latch for "counter[12]" at Divisor_Frecuencia.vhd(18)
Info (10041): Inferred latch for "counter[13]" at Divisor_Frecuencia.vhd(18)
Warning (13024): Output pins are stuck at VCC or GND
    Warning (13410): Pin "SALIDA_SEMAFORO_VERDE" is stuck at GND
    Warning (13410): Pin "CONTADOR_VEHICULAR[0]" is stuck at GND
    Warning (13410): Pin "CONTADOR_VEHICULAR[1]" is stuck at GND
    Warning (13410): Pin "CONTADOR_VEHICULAR[2]" is stuck at GND
    Warning (13410): Pin "CONTADOR_VEHICULAR[3]" is stuck at GND
    Warning (13410): Pin "CONTADOR_VEHICULAR[4]" is stuck at GND
    Warning (13410): Pin "CONTADOR_VEHICULAR[5]" is stuck at GND
    Warning (13410): Pin "CONTADOR_VEHICULAR[6]" is stuck at GND
    Warning (13410): Pin "CONTADOR_VEHICULAR[7]" is stuck at GND
    Warning (13410): Pin "TIEMPODEPASOVEHICULAR[0]" is stuck at GND
    Warning (13410): Pin "TIEMPODEPASOVEHICULAR[1]" is stuck at GND
    Warning (13410): Pin "TIEMPODEPASOVEHICULAR[2]" is stuck at GND
    Warning (13410): Pin "TIEMPODEPASOVEHICULAR[3]" is stuck at GND
    Warning (13410): Pin "TIEMPODEPASOVEHICULAR[4]" is stuck at GND
    Warning (13410): Pin "TIEMPODEPASOVEHICULAR[5]" is stuck at GND
    Warning (13410): Pin "TIEMPODEPASOVEHICULAR[6]" is stuck at GND
    Warning (13410): Pin "TIEMPODEPASOVEHICULAR[7]" is stuck at GND
    Warning (13410): Pin "TIEMPODEPASOVEHICULAR[8]" is stuck at GND
    Warning (13410): Pin "TIEMPODEPASOVEHICULAR[9]" is stuck at GND
    Warning (13410): Pin "TIEMPODEPASOVEHICULAR[10]" is stuck at GND
    Warning (13410): Pin "TIEMPODEPASOVEHICULAR[11]" is stuck at GND
    Warning (13410): Pin "TIEMPODEPASOVEHICULAR[12]" is stuck at GND
    Warning (13410): Pin "TIEMPODEPASOVEHICULAR[13]" is stuck at GND
    Warning (13410): Pin "TIEMPODEPASOVEHICULAR[14]" is stuck at GND
    Warning (13410): Pin "TIEMPODEPASOVEHICULAR[15]" is stuck at GND
    Warning (13410): Pin "TALANQUERA_CERRADA_TIEMPO[0]" is stuck at GND
    Warning (13410): Pin "TALANQUERA_CERRADA_TIEMPO[1]" is stuck at GND
    Warning (13410): Pin "TALANQUERA_CERRADA_TIEMPO[2]" is stuck at GND
    Warning (13410): Pin "TALANQUERA_CERRADA_TIEMPO[3]" is stuck at GND
    Warning (13410): Pin "TALANQUERA_CERRADA_TIEMPO[4]" is stuck at GND
    Warning (13410): Pin "TALANQUERA_CERRADA_TIEMPO[5]" is stuck at GND
    Warning (13410): Pin "TALANQUERA_CERRADA_TIEMPO[6]" is stuck at GND
    Warning (13410): Pin "TALANQUERA_CERRADA_TIEMPO[7]" is stuck at GND
    Warning (13410): Pin "TALANQUERA_CERRADA_TIEMPO[8]" is stuck at GND
    Warning (13410): Pin "TALANQUERA_CERRADA_TIEMPO[9]" is stuck at GND
    Warning (13410): Pin "TALANQUERA_CERRADA_TIEMPO[10]" is stuck at GND
    Warning (13410): Pin "TALANQUERA_CERRADA_TIEMPO[11]" is stuck at GND
    Warning (13410): Pin "TALANQUERA_CERRADA_TIEMPO[12]" is stuck at GND
    Warning (13410): Pin "TALANQUERA_CERRADA_TIEMPO[13]" is stuck at GND
    Warning (13410): Pin "TALANQUERA_CERRADA_TIEMPO[14]" is stuck at GND
    Warning (13410): Pin "TALANQUERA_CERRADA_TIEMPO[15]" is stuck at GND
    Warning (13410): Pin "SemaforoRojo" is stuck at GND
    Warning (13410): Pin "talanquera" is stuck at GND
    Warning (13410): Pin "LED_DENEGADO_ROJO" is stuck at GND
Info (286030): Timing-Driven Synthesis is running
Warning (20013): Ignored assignments for entity "DE0_Default" -- entity does not exist in design
    Warning (20014): Assignment for entity set_global_assignment -name LL_ROOT_REGION ON -entity DE0_Default -section_id "Root Region" was ignored
    Warning (20014): Assignment for entity set_global_assignment -name LL_MEMBER_STATE LOCKED -entity DE0_Default -section_id "Root Region" was ignored
    Warning (20014): Assignment for entity set_global_assignment -name LL_ROUTING_REGION OFF -entity DE0_Default -section_id "Root Region" was ignored
    Warning (20014): Assignment for entity set_instance_assignment -name PARTITION_HIERARCHY root_partition -to | -entity DE0_Default -section_id Top was ignored
    Warning (20014): Assignment for entity set_global_assignment -name PARTITION_NETLIST_TYPE SOURCE -entity DE0_Default -section_id Top was ignored
    Warning (20014): Assignment for entity set_global_assignment -name PARTITION_PRESERVE_HIGH_SPEED_TILES ON -entity DE0_Default -section_id Top was ignored
    Warning (20014): Assignment for entity set_global_assignment -name PARTITION_IGNORE_SOURCE_FILE_CHANGES OFF -entity DE0_Default -section_id Top was ignored
    Warning (20014): Assignment for entity set_global_assignment -name PARTITION_ALWAYS_USE_QXP_NETLIST OFF -entity DE0_Default -section_id Top was ignored
    Warning (20014): Assignment for entity set_global_assignment -name PARTITION_COLOR 14622752 -entity DE0_Default -section_id Top was ignored
    Warning (20014): Assignment for entity set_global_assignment -name PARTITION_IMPORT_ASSIGNMENTS ON -entity DE0_Default -section_id Top was ignored
    Warning (20014): Assignment for entity set_global_assignment -name PARTITION_IMPORT_EXISTING_ASSIGNMENTS REPLACE_CONFLICTING -entity DE0_Default -section_id Top was ignored
    Warning (20014): Assignment for entity set_global_assignment -name PARTITION_IMPORT_EXISTING_LOGICLOCK_REGIONS UPDATE_CONFLICTING -entity DE0_Default -section_id Top was ignored
    Warning (20014): Assignment for entity set_global_assignment -name PARTITION_IMPORT_PIN_ASSIGNMENTS ON -entity DE0_Default -section_id Top was ignored
    Warning (20014): Assignment for entity set_global_assignment -name PARTITION_IMPORT_PROMOTE_ASSIGNMENTS ON -entity DE0_Default -section_id Top was ignored
    Warning (20014): Assignment for entity set_global_assignment -name PARTITION_TYPE STANDARD_PARTITION -entity DE0_Default -section_id Top was ignored
    Warning (20014): Assignment for entity set_global_assignment -name ALLOW_MULTIPLE_PERSONAS OFF -entity DE0_Default -section_id Top was ignored
    Warning (20014): Assignment for entity set_global_assignment -name PARTITION_ASD_REGION_ID 1 -entity DE0_Default -section_id Top was ignored
    Warning (20014): Assignment for entity set_global_assignment -name CROSS_BOUNDARY_OPTIMIZATIONS OFF -entity DE0_Default -section_id Top was ignored
    Warning (20014): Assignment for entity set_global_assignment -name PROPAGATE_CONSTANTS_ON_INPUTS ON -entity DE0_Default -section_id Top was ignored
    Warning (20014): Assignment for entity set_global_assignment -name PROPAGATE_INVERSIONS_ON_INPUTS ON -entity DE0_Default -section_id Top was ignored
    Warning (20014): Assignment for entity set_global_assignment -name REMOVE_LOGIC_ON_UNCONNECTED_OUTPUTS ON -entity DE0_Default -section_id Top was ignored
    Warning (20014): Assignment for entity set_global_assignment -name MERGE_EQUIVALENT_INPUTS ON -entity DE0_Default -section_id Top was ignored
    Warning (20014): Assignment for entity set_global_assignment -name MERGE_EQUIVALENT_BIDIRS ON -entity DE0_Default -section_id Top was ignored
    Warning (20014): Assignment for entity set_global_assignment -name ABSORB_PATHS_FROM_OUTPUTS_TO_INPUTS ON -entity DE0_Default -section_id Top was ignored
    Warning (20014): Assignment for entity set_global_assignment -name PARTITION_EXTRACT_HARD_BLOCK_NODES ON -entity DE0_Default -section_id Top was ignored
    Warning (20014): Assignment for entity set_global_assignment -name PARTITION_ENABLE_STRICT_PRESERVATION OFF -entity DE0_Default -section_id Top was ignored
Warning (20013): Ignored assignments for entity "Lab3b" -- entity does not exist in design
    Warning (20014): Assignment for entity set_instance_assignment -name PARTITION_HIERARCHY root_partition -to | -entity Lab3b -section_id Top was ignored
    Warning (20014): Assignment for entity set_global_assignment -name PARTITION_NETLIST_TYPE SOURCE -entity Lab3b -section_id Top was ignored
    Warning (20014): Assignment for entity set_global_assignment -name PARTITION_FITTER_PRESERVATION_LEVEL PLACEMENT_AND_ROUTING -entity Lab3b -section_id Top was ignored
    Warning (20014): Assignment for entity set_global_assignment -name PARTITION_PRESERVE_HIGH_SPEED_TILES ON -entity Lab3b -section_id Top was ignored
    Warning (20014): Assignment for entity set_global_assignment -name PARTITION_IGNORE_SOURCE_FILE_CHANGES OFF -entity Lab3b -section_id Top was ignored
    Warning (20014): Assignment for entity set_global_assignment -name PARTITION_ALWAYS_USE_QXP_NETLIST OFF -entity Lab3b -section_id Top was ignored
    Warning (20014): Assignment for entity set_global_assignment -name PARTITION_COLOR 16764057 -entity Lab3b -section_id Top was ignored
    Warning (20014): Assignment for entity set_global_assignment -name PARTITION_IMPORT_ASSIGNMENTS ON -entity Lab3b -section_id Top was ignored
    Warning (20014): Assignment for entity set_global_assignment -name PARTITION_IMPORT_EXISTING_ASSIGNMENTS REPLACE_CONFLICTING -entity Lab3b -section_id Top was ignored
    Warning (20014): Assignment for entity set_global_assignment -name PARTITION_IMPORT_EXISTING_LOGICLOCK_REGIONS UPDATE_CONFLICTING -entity Lab3b -section_id Top was ignored
    Warning (20014): Assignment for entity set_global_assignment -name PARTITION_IMPORT_PIN_ASSIGNMENTS ON -entity Lab3b -section_id Top was ignored
    Warning (20014): Assignment for entity set_global_assignment -name PARTITION_IMPORT_PROMOTE_ASSIGNMENTS ON -entity Lab3b -section_id Top was ignored
    Warning (20014): Assignment for entity set_global_assignment -name PARTITION_TYPE STANDARD_PARTITION -entity Lab3b -section_id Top was ignored
    Warning (20014): Assignment for entity set_global_assignment -name ALLOW_MULTIPLE_PERSONAS OFF -entity Lab3b -section_id Top was ignored
    Warning (20014): Assignment for entity set_global_assignment -name PARTITION_ASD_REGION_ID 1 -entity Lab3b -section_id Top was ignored
    Warning (20014): Assignment for entity set_global_assignment -name CROSS_BOUNDARY_OPTIMIZATIONS OFF -entity Lab3b -section_id Top was ignored
    Warning (20014): Assignment for entity set_global_assignment -name PROPAGATE_CONSTANTS_ON_INPUTS ON -entity Lab3b -section_id Top was ignored
    Warning (20014): Assignment for entity set_global_assignment -name PROPAGATE_INVERSIONS_ON_INPUTS ON -entity Lab3b -section_id Top was ignored
    Warning (20014): Assignment for entity set_global_assignment -name REMOVE_LOGIC_ON_UNCONNECTED_OUTPUTS ON -entity Lab3b -section_id Top was ignored
    Warning (20014): Assignment for entity set_global_assignment -name MERGE_EQUIVALENT_INPUTS ON -entity Lab3b -section_id Top was ignored
    Warning (20014): Assignment for entity set_global_assignment -name MERGE_EQUIVALENT_BIDIRS ON -entity Lab3b -section_id Top was ignored
    Warning (20014): Assignment for entity set_global_assignment -name ABSORB_PATHS_FROM_OUTPUTS_TO_INPUTS ON -entity Lab3b -section_id Top was ignored
    Warning (20014): Assignment for entity set_global_assignment -name PARTITION_EXTRACT_HARD_BLOCK_NODES ON -entity Lab3b -section_id Top was ignored
    Warning (20014): Assignment for entity set_global_assignment -name PARTITION_ENABLE_STRICT_PRESERVATION OFF -entity Lab3b -section_id Top was ignored
Info (16010): Generating hard_block partition "hard_block:auto_generated_inst"
    Info (16011): Adding 0 node(s), including 0 DDIO, 0 PLL, 0 transceiver and 0 LCELL
Warning (21074): Design contains 4 input pin(s) that do not drive logic
    Warning (15610): No output dependent on input pin "DETECTOR_VEHICULO"
    Warning (15610): No output dependent on input pin "CATEGORIA_VEHICULO[0]"
    Warning (15610): No output dependent on input pin "CATEGORIA_VEHICULO[1]"
    Warning (15610): No output dependent on input pin "ABRIR_TALANQUERA"
Info (21057): Implemented 60 device resources after synthesis - the final resource count might be different
    Info (21058): Implemented 7 input pins
    Info (21059): Implemented 46 output pins
    Info (21061): Implemented 7 logic cells
Info: Quartus II 64-Bit Analysis & Synthesis was successful. 0 errors, 127 warnings
    Info: Peak virtual memory: 4690 megabytes
    Info: Processing ended: Fri Mar 15 15:21:53 2024
    Info: Elapsed time: 00:00:01
    Info: Total CPU time (on all processors): 00:00:01


